<?xml version="1.0" encoding="UTF-8"?>
<!-- Generated by org.testng.reporters.JUnitReportReporter -->
<testsuite skipped="0" hostname="BhagavaaransMBP" name="MyTest" tests="1" failures="0" timestamp="22 Mar 2020 20:37:15 GMT" time="0.005" errors="0">
  <testcase name="myTest1" time="0.005" classname="MyTest"/>
</testsuite> <!-- MyTest -->
